2022-12-27 11:53:37,072 [Worker-1: Loading available Gradle versions] INFO  o.e.b.c.i.u.g.PublishedGradleVersions - Gradle version information cache is up-to-date. Trying to read.
2022-12-27 11:55:34,563 [Worker-6: Importing Maven projects] INFO  o.e.m.c.i.l.LifecycleMappingFactory - Using org.eclipse.m2e.jdt.JarLifecycleMapping lifecycle mapping for MavenProject: TestNGAll:ExtentRe:0.0.1-SNAPSHOT @ E:\PrashantAndhale\TestingPractice\TestNGP\ExtentRe\pom.xml.
2022-12-27 11:55:48,052 [Worker-6: Importing Maven projects] INFO  o.e.m.j.i.AbstractJavaProjectConfigurator - Adding source folder /ExtentRe/src/main/java
2022-12-27 11:55:48,053 [Worker-6: Importing Maven projects] INFO  o.e.m.j.i.AbstractJavaProjectConfigurator - Adding source folder /ExtentRe/src/test/java
2022-12-27 11:55:50,488 [Worker-6: Importing Maven projects] INFO  o.e.m.c.i.p.ProjectConfigurationManager - Imported and configured 1 project(s) in 33 sec
2022-12-27 11:56:06,453 [Worker-11: Building] INFO  o.e.m.c.i.embedder.EclipseLogger - Using 'UTF-8' encoding to copy filtered resources.
2022-12-27 11:56:06,454 [Worker-11: Building] INFO  o.e.m.c.i.embedder.EclipseLogger - skip non existing resourceDirectory E:\PrashantAndhale\TestingPractice\TestNGP\ExtentRe\src\main\resources
2022-12-27 11:56:06,465 [Worker-11: Building] INFO  o.e.m.c.i.embedder.EclipseLogger - Using 'UTF-8' encoding to copy filtered resources.
2022-12-27 11:56:06,466 [Worker-11: Building] INFO  o.e.m.c.i.embedder.EclipseLogger - skip non existing resourceDirectory E:\PrashantAndhale\TestingPractice\TestNGP\ExtentRe\src\test\resources
2022-12-27 11:57:12,449 [Worker-0: Loading available Gradle versions] INFO  o.e.b.c.i.u.g.PublishedGradleVersions - Gradle version information cache is up-to-date. Trying to read.
2022-12-27 12:24:11,219 [Worker-0: Loading available Gradle versions] INFO  o.e.b.c.i.u.g.PublishedGradleVersions - Gradle version information cache is up-to-date. Trying to read.
2022-12-27 12:24:18,025 [Worker-5: Initializing Java Tooling] ERROR o.e.m.c.i.p.r.ProjectRegistryReader - Can't read workspace state
java.io.StreamCorruptedException: invalid stream header: 00000000
	at java.base/java.io.ObjectInputStream.readStreamHeader(ObjectInputStream.java:987)
	at java.base/java.io.ObjectInputStream.<init>(ObjectInputStream.java:414)
	at org.eclipse.m2e.core.internal.project.registry.ProjectRegistryReader$1.<init>(ProjectRegistryReader.java:77)
	at org.eclipse.m2e.core.internal.project.registry.ProjectRegistryReader.createObjectInputStream(ProjectRegistryReader.java:77)
	at org.eclipse.m2e.core.internal.project.registry.ProjectRegistryReader.readWorkspaceState(ProjectRegistryReader.java:66)
	at org.eclipse.m2e.core.internal.project.registry.ProjectRegistryManager.<init>(ProjectRegistryManager.java:173)
	at org.eclipse.m2e.core.internal.MavenPluginActivator.start(MavenPluginActivator.java:218)
	at org.eclipse.osgi.internal.framework.BundleContextImpl$2.run(BundleContextImpl.java:813)
	at org.eclipse.osgi.internal.framework.BundleContextImpl$2.run(BundleContextImpl.java:1)
	at java.base/java.security.AccessController.doPrivileged(AccessController.java:569)
	at org.eclipse.osgi.internal.framework.BundleContextImpl.startActivator(BundleContextImpl.java:805)
	at org.eclipse.osgi.internal.framework.BundleContextImpl.start(BundleContextImpl.java:762)
	at org.eclipse.osgi.internal.framework.EquinoxBundle.startWorker0(EquinoxBundle.java:1032)
	at org.eclipse.osgi.internal.framework.EquinoxBundle$EquinoxModule.startWorker(EquinoxBundle.java:371)
	at org.eclipse.osgi.container.Module.doStart(Module.java:605)
	at org.eclipse.osgi.container.Module.start(Module.java:468)
	at org.eclipse.osgi.framework.util.SecureAction.start(SecureAction.java:513)
	at org.eclipse.osgi.internal.hooks.EclipseLazyStarter.postFindLocalClass(EclipseLazyStarter.java:117)
	at org.eclipse.osgi.internal.loader.classpath.ClasspathManager.findLocalClass(ClasspathManager.java:570)
	at org.eclipse.osgi.internal.loader.ModuleClassLoader.findLocalClass(ModuleClassLoader.java:335)
	at org.eclipse.osgi.internal.loader.BundleLoader.findLocalClass(BundleLoader.java:397)
	at org.eclipse.osgi.internal.loader.sources.SingleSourcePackage.loadClass(SingleSourcePackage.java:41)
	at org.eclipse.osgi.internal.loader.BundleLoader.findClass0(BundleLoader.java:484)
	at org.eclipse.osgi.internal.loader.BundleLoader.findClass(BundleLoader.java:416)
	at org.eclipse.osgi.internal.loader.ModuleClassLoader.loadClass(ModuleClassLoader.java:168)
	at java.base/java.lang.ClassLoader.loadClass(ClassLoader.java:521)
	at java.base/java.lang.Class.getDeclaredConstructors0(Native Method)
	at java.base/java.lang.Class.privateGetDeclaredConstructors(Class.java:3405)
	at java.base/java.lang.Class.getConstructor0(Class.java:3610)
	at java.base/java.lang.Class.getConstructor(Class.java:2303)
	at org.eclipse.osgi.internal.framework.BundleContextImpl.loadBundleActivator(BundleContextImpl.java:796)
	at org.eclipse.osgi.internal.framework.BundleContextImpl.start(BundleContextImpl.java:748)
	at org.eclipse.osgi.internal.framework.EquinoxBundle.startWorker0(EquinoxBundle.java:1032)
	at org.eclipse.osgi.internal.framework.EquinoxBundle$EquinoxModule.startWorker(EquinoxBundle.java:371)
	at org.eclipse.osgi.container.Module.doStart(Module.java:605)
	at org.eclipse.osgi.container.Module.start(Module.java:468)
	at org.eclipse.osgi.framework.util.SecureAction.start(SecureAction.java:513)
	at org.eclipse.osgi.internal.hooks.EclipseLazyStarter.postFindLocalClass(EclipseLazyStarter.java:117)
	at org.eclipse.osgi.internal.loader.classpath.ClasspathManager.findLocalClass(ClasspathManager.java:570)
	at org.eclipse.osgi.internal.loader.ModuleClassLoader.findLocalClass(ModuleClassLoader.java:335)
	at org.eclipse.osgi.internal.loader.BundleLoader.findLocalClass(BundleLoader.java:397)
	at org.eclipse.osgi.internal.loader.BundleLoader.findClass0(BundleLoader.java:488)
	at org.eclipse.osgi.internal.loader.BundleLoader.findClass(BundleLoader.java:416)
	at org.eclipse.osgi.internal.loader.ModuleClassLoader.loadClass(ModuleClassLoader.java:168)
	at java.base/java.lang.ClassLoader.loadClass(ClassLoader.java:521)
	at org.eclipse.osgi.internal.framework.EquinoxBundle.loadClass(EquinoxBundle.java:622)
	at org.eclipse.core.internal.registry.osgi.RegistryStrategyOSGI.createExecutableExtension(RegistryStrategyOSGI.java:196)
	at org.eclipse.core.internal.registry.ExtensionRegistry.createExecutableExtension(ExtensionRegistry.java:920)
	at org.eclipse.core.internal.registry.ConfigurationElement.createExecutableExtension(ConfigurationElement.java:246)
	at org.eclipse.core.internal.registry.ConfigurationElementHandle.createExecutableExtension(ConfigurationElementHandle.java:63)
	at org.eclipse.jdt.core.JavaCore.computeClasspathContainerInitializer(JavaCore.java:3830)
	at org.eclipse.jdt.core.JavaCore.getClasspathContainerInitializer(JavaCore.java:3806)
	at org.eclipse.jdt.internal.core.JavaModelManager.initializeContainer(JavaModelManager.java:3126)
	at org.eclipse.jdt.internal.core.JavaModelManager$10.run(JavaModelManager.java:3029)
	at org.eclipse.core.internal.resources.Workspace.run(Workspace.java:2315)
	at org.eclipse.core.internal.resources.Workspace.run(Workspace.java:2340)
	at org.eclipse.jdt.internal.core.JavaModelManager.initializeAllContainers(JavaModelManager.java:3091)
	at org.eclipse.jdt.internal.core.JavaModelManager.getClasspathContainer(JavaModelManager.java:2088)
	at org.eclipse.jdt.core.JavaCore.initializeAfterLoad(JavaCore.java:4572)
	at org.eclipse.jdt.internal.ui.InitializeAfterLoadJob$RealJob.run(InitializeAfterLoadJob.java:39)
	at org.eclipse.core.internal.jobs.Worker.run(Worker.java:63)
2022-12-27 12:24:54,869 [Worker-2: Updating Maven Dependencies] INFO  o.e.m.c.i.l.LifecycleMappingFactory - Using org.eclipse.m2e.jdt.JarLifecycleMapping lifecycle mapping for MavenProject: TestNGAll:ExtentRe:0.0.1-SNAPSHOT @ E:\PrashantAndhale\TestingPractice\TestNGP\ExtentRe\pom.xml.
2022-12-27 12:24:57,539 [Worker-7: Building] INFO  o.e.m.c.i.l.LifecycleMappingFactory - Using org.eclipse.m2e.jdt.JarLifecycleMapping lifecycle mapping for MavenProject: TestNGAll:ExtentRe:0.0.1-SNAPSHOT @ E:\PrashantAndhale\TestingPractice\TestNGP\ExtentRe\pom.xml.
2022-12-27 12:25:12,634 [Worker-7: Building] INFO  o.e.m.c.i.embedder.EclipseLogger - Using 'UTF-8' encoding to copy filtered resources.
2022-12-27 12:25:12,635 [Worker-7: Building] INFO  o.e.m.c.i.embedder.EclipseLogger - skip non existing resourceDirectory E:\PrashantAndhale\TestingPractice\TestNGP\ExtentRe\src\main\resources
2022-12-27 12:25:12,656 [Worker-7: Building] INFO  o.e.m.c.i.embedder.EclipseLogger - Using 'UTF-8' encoding to copy filtered resources.
2022-12-27 12:25:12,656 [Worker-7: Building] INFO  o.e.m.c.i.embedder.EclipseLogger - skip non existing resourceDirectory E:\PrashantAndhale\TestingPractice\TestNGP\ExtentRe\src\test\resources
2022-12-27 12:25:16,399 [Worker-1: Updating Maven Dependencies] INFO  o.e.m.c.i.l.LifecycleMappingFactory - Using org.eclipse.m2e.jdt.JarLifecycleMapping lifecycle mapping for MavenProject: TestNGAll:ExtentRe:0.0.1-SNAPSHOT @ E:\PrashantAndhale\TestingPractice\TestNGP\ExtentRe\pom.xml.
2022-12-27 12:25:23,491 [Worker-7: Building] INFO  o.e.m.c.i.embedder.EclipseLogger - Using 'UTF-8' encoding to copy filtered resources.
2022-12-27 12:25:23,492 [Worker-7: Building] INFO  o.e.m.c.i.embedder.EclipseLogger - skip non existing resourceDirectory E:\PrashantAndhale\TestingPractice\TestNGP\ExtentRe\src\main\resources
2022-12-27 12:25:23,545 [Worker-7: Building] INFO  o.e.m.c.i.embedder.EclipseLogger - Using 'UTF-8' encoding to copy filtered resources.
2022-12-27 12:25:23,547 [Worker-7: Building] INFO  o.e.m.c.i.embedder.EclipseLogger - skip non existing resourceDirectory E:\PrashantAndhale\TestingPractice\TestNGP\ExtentRe\src\test\resources
2022-12-27 12:26:51,044 [Worker-9: Building] INFO  o.e.m.c.i.embedder.EclipseLogger - Using 'UTF-8' encoding to copy filtered resources.
2022-12-27 12:26:51,167 [Worker-9: Building] INFO  o.e.m.c.i.embedder.EclipseLogger - skip non existing resourceDirectory E:\PrashantAndhale\TestingPractice\TestNGP\ExtentRe\src\main\resources
2022-12-27 12:26:51,268 [Worker-9: Building] INFO  o.e.m.c.i.embedder.EclipseLogger - Using 'UTF-8' encoding to copy filtered resources.
2022-12-27 12:26:51,268 [Worker-9: Building] INFO  o.e.m.c.i.embedder.EclipseLogger - skip non existing resourceDirectory E:\PrashantAndhale\TestingPractice\TestNGP\ExtentRe\src\test\resources
2022-12-27 12:33:11,501 [Worker-3: Building] INFO  o.e.m.c.i.embedder.EclipseLogger - Using 'UTF-8' encoding to copy filtered resources.
2022-12-27 12:33:11,502 [Worker-3: Building] INFO  o.e.m.c.i.embedder.EclipseLogger - skip non existing resourceDirectory E:\PrashantAndhale\TestingPractice\TestNGP\ExtentRe\src\main\resources
2022-12-27 12:33:11,504 [Worker-3: Building] INFO  o.e.m.c.i.embedder.EclipseLogger - Using 'UTF-8' encoding to copy filtered resources.
2022-12-27 12:33:11,504 [Worker-3: Building] INFO  o.e.m.c.i.embedder.EclipseLogger - skip non existing resourceDirectory E:\PrashantAndhale\TestingPractice\TestNGP\ExtentRe\src\test\resources
2022-12-27 12:35:42,831 [Worker-5: Building] INFO  o.e.m.c.i.embedder.EclipseLogger - Using 'UTF-8' encoding to copy filtered resources.
2022-12-27 12:35:42,839 [Worker-5: Building] INFO  o.e.m.c.i.embedder.EclipseLogger - skip non existing resourceDirectory E:\PrashantAndhale\TestingPractice\TestNGP\ExtentRe\src\main\resources
2022-12-27 12:35:42,853 [Worker-5: Building] INFO  o.e.m.c.i.embedder.EclipseLogger - Using 'UTF-8' encoding to copy filtered resources.
2022-12-27 12:35:42,853 [Worker-5: Building] INFO  o.e.m.c.i.embedder.EclipseLogger - skip non existing resourceDirectory E:\PrashantAndhale\TestingPractice\TestNGP\ExtentRe\src\test\resources
2022-12-27 12:35:54,993 [Worker-10: Building] INFO  o.e.m.c.i.embedder.EclipseLogger - Using 'UTF-8' encoding to copy filtered resources.
2022-12-27 12:35:54,993 [Worker-10: Building] INFO  o.e.m.c.i.embedder.EclipseLogger - skip non existing resourceDirectory E:\PrashantAndhale\TestingPractice\TestNGP\ExtentRe\src\main\resources
2022-12-27 12:35:54,996 [Worker-10: Building] INFO  o.e.m.c.i.embedder.EclipseLogger - Using 'UTF-8' encoding to copy filtered resources.
2022-12-27 12:35:55,093 [Worker-10: Building] INFO  o.e.m.c.i.embedder.EclipseLogger - skip non existing resourceDirectory E:\PrashantAndhale\TestingPractice\TestNGP\ExtentRe\src\test\resources
2022-12-27 12:36:59,808 [Worker-11: Building] INFO  o.e.m.c.i.embedder.EclipseLogger - Using 'UTF-8' encoding to copy filtered resources.
2022-12-27 12:36:59,808 [Worker-11: Building] INFO  o.e.m.c.i.embedder.EclipseLogger - skip non existing resourceDirectory E:\PrashantAndhale\TestingPractice\TestNGP\ExtentRe\src\main\resources
2022-12-27 12:36:59,810 [Worker-11: Building] INFO  o.e.m.c.i.embedder.EclipseLogger - Using 'UTF-8' encoding to copy filtered resources.
2022-12-27 12:36:59,810 [Worker-11: Building] INFO  o.e.m.c.i.embedder.EclipseLogger - skip non existing resourceDirectory E:\PrashantAndhale\TestingPractice\TestNGP\ExtentRe\src\test\resources
2022-12-27 12:37:23,140 [Worker-5: Building] INFO  o.e.m.c.i.embedder.EclipseLogger - Using 'UTF-8' encoding to copy filtered resources.
2022-12-27 12:37:23,140 [Worker-5: Building] INFO  o.e.m.c.i.embedder.EclipseLogger - skip non existing resourceDirectory E:\PrashantAndhale\TestingPractice\TestNGP\ExtentRe\src\main\resources
2022-12-27 12:37:23,146 [Worker-5: Building] INFO  o.e.m.c.i.embedder.EclipseLogger - Using 'UTF-8' encoding to copy filtered resources.
2022-12-27 12:37:23,146 [Worker-5: Building] INFO  o.e.m.c.i.embedder.EclipseLogger - skip non existing resourceDirectory E:\PrashantAndhale\TestingPractice\TestNGP\ExtentRe\src\test\resources
2022-12-27 12:37:31,604 [Worker-3: Building] INFO  o.e.m.c.i.embedder.EclipseLogger - Using 'UTF-8' encoding to copy filtered resources.
2022-12-27 12:37:31,605 [Worker-3: Building] INFO  o.e.m.c.i.embedder.EclipseLogger - skip non existing resourceDirectory E:\PrashantAndhale\TestingPractice\TestNGP\ExtentRe\src\main\resources
2022-12-27 12:37:31,703 [Worker-3: Building] INFO  o.e.m.c.i.embedder.EclipseLogger - Using 'UTF-8' encoding to copy filtered resources.
2022-12-27 12:37:31,703 [Worker-3: Building] INFO  o.e.m.c.i.embedder.EclipseLogger - skip non existing resourceDirectory E:\PrashantAndhale\TestingPractice\TestNGP\ExtentRe\src\test\resources
2022-12-27 12:37:49,840 [Worker-3: Building] INFO  o.e.m.c.i.embedder.EclipseLogger - Using 'UTF-8' encoding to copy filtered resources.
2022-12-27 12:37:49,840 [Worker-3: Building] INFO  o.e.m.c.i.embedder.EclipseLogger - skip non existing resourceDirectory E:\PrashantAndhale\TestingPractice\TestNGP\ExtentRe\src\main\resources
2022-12-27 12:37:49,857 [Worker-3: Building] INFO  o.e.m.c.i.embedder.EclipseLogger - Using 'UTF-8' encoding to copy filtered resources.
2022-12-27 12:37:49,857 [Worker-3: Building] INFO  o.e.m.c.i.embedder.EclipseLogger - skip non existing resourceDirectory E:\PrashantAndhale\TestingPractice\TestNGP\ExtentRe\src\test\resources
2022-12-27 12:38:21,663 [Worker-13: Building] INFO  o.e.m.c.i.embedder.EclipseLogger - Using 'UTF-8' encoding to copy filtered resources.
2022-12-27 12:38:21,664 [Worker-13: Building] INFO  o.e.m.c.i.embedder.EclipseLogger - skip non existing resourceDirectory E:\PrashantAndhale\TestingPractice\TestNGP\ExtentRe\src\main\resources
2022-12-27 12:38:21,726 [Worker-13: Building] INFO  o.e.m.c.i.embedder.EclipseLogger - Using 'UTF-8' encoding to copy filtered resources.
2022-12-27 12:38:21,727 [Worker-13: Building] INFO  o.e.m.c.i.embedder.EclipseLogger - skip non existing resourceDirectory E:\PrashantAndhale\TestingPractice\TestNGP\ExtentRe\src\test\resources
2022-12-27 12:38:27,522 [Worker-11: Building] INFO  o.e.m.c.i.embedder.EclipseLogger - Using 'UTF-8' encoding to copy filtered resources.
2022-12-27 12:38:27,522 [Worker-11: Building] INFO  o.e.m.c.i.embedder.EclipseLogger - skip non existing resourceDirectory E:\PrashantAndhale\TestingPractice\TestNGP\ExtentRe\src\main\resources
2022-12-27 12:38:27,524 [Worker-11: Building] INFO  o.e.m.c.i.embedder.EclipseLogger - Using 'UTF-8' encoding to copy filtered resources.
2022-12-27 12:38:27,583 [Worker-11: Building] INFO  o.e.m.c.i.embedder.EclipseLogger - skip non existing resourceDirectory E:\PrashantAndhale\TestingPractice\TestNGP\ExtentRe\src\test\resources
2022-12-27 12:40:03,139 [Worker-10: Building] INFO  o.e.m.c.i.embedder.EclipseLogger - Using 'UTF-8' encoding to copy filtered resources.
2022-12-27 12:40:03,139 [Worker-10: Building] INFO  o.e.m.c.i.embedder.EclipseLogger - skip non existing resourceDirectory E:\PrashantAndhale\TestingPractice\TestNGP\ExtentRe\src\main\resources
2022-12-27 12:40:03,143 [Worker-10: Building] INFO  o.e.m.c.i.embedder.EclipseLogger - Using 'UTF-8' encoding to copy filtered resources.
2022-12-27 12:40:03,143 [Worker-10: Building] INFO  o.e.m.c.i.embedder.EclipseLogger - skip non existing resourceDirectory E:\PrashantAndhale\TestingPractice\TestNGP\ExtentRe\src\test\resources
2022-12-27 12:40:29,903 [Worker-14: Building] INFO  o.e.m.c.i.embedder.EclipseLogger - Using 'UTF-8' encoding to copy filtered resources.
2022-12-27 12:40:29,903 [Worker-14: Building] INFO  o.e.m.c.i.embedder.EclipseLogger - skip non existing resourceDirectory E:\PrashantAndhale\TestingPractice\TestNGP\ExtentRe\src\main\resources
2022-12-27 12:40:29,944 [Worker-14: Building] INFO  o.e.m.c.i.embedder.EclipseLogger - Using 'UTF-8' encoding to copy filtered resources.
2022-12-27 12:40:29,944 [Worker-14: Building] INFO  o.e.m.c.i.embedder.EclipseLogger - skip non existing resourceDirectory E:\PrashantAndhale\TestingPractice\TestNGP\ExtentRe\src\test\resources
2022-12-27 12:40:44,645 [Worker-3: Building] INFO  o.e.m.c.i.embedder.EclipseLogger - Using 'UTF-8' encoding to copy filtered resources.
2022-12-27 12:40:44,645 [Worker-3: Building] INFO  o.e.m.c.i.embedder.EclipseLogger - skip non existing resourceDirectory E:\PrashantAndhale\TestingPractice\TestNGP\ExtentRe\src\main\resources
2022-12-27 12:40:44,702 [Worker-3: Building] INFO  o.e.m.c.i.embedder.EclipseLogger - Using 'UTF-8' encoding to copy filtered resources.
2022-12-27 12:40:44,704 [Worker-3: Building] INFO  o.e.m.c.i.embedder.EclipseLogger - skip non existing resourceDirectory E:\PrashantAndhale\TestingPractice\TestNGP\ExtentRe\src\test\resources
2022-12-27 12:41:13,129 [Worker-11: Building] INFO  o.e.m.c.i.embedder.EclipseLogger - Using 'UTF-8' encoding to copy filtered resources.
2022-12-27 12:41:13,129 [Worker-11: Building] INFO  o.e.m.c.i.embedder.EclipseLogger - skip non existing resourceDirectory E:\PrashantAndhale\TestingPractice\TestNGP\ExtentRe\src\main\resources
2022-12-27 12:41:13,141 [Worker-11: Building] INFO  o.e.m.c.i.embedder.EclipseLogger - Using 'UTF-8' encoding to copy filtered resources.
2022-12-27 12:41:13,142 [Worker-11: Building] INFO  o.e.m.c.i.embedder.EclipseLogger - skip non existing resourceDirectory E:\PrashantAndhale\TestingPractice\TestNGP\ExtentRe\src\test\resources
2022-12-27 12:41:22,215 [Worker-14: Building] INFO  o.e.m.c.i.embedder.EclipseLogger - Using 'UTF-8' encoding to copy filtered resources.
2022-12-27 12:41:22,216 [Worker-14: Building] INFO  o.e.m.c.i.embedder.EclipseLogger - skip non existing resourceDirectory E:\PrashantAndhale\TestingPractice\TestNGP\ExtentRe\src\main\resources
2022-12-27 12:41:22,217 [Worker-14: Building] INFO  o.e.m.c.i.embedder.EclipseLogger - Using 'UTF-8' encoding to copy filtered resources.
2022-12-27 12:41:22,217 [Worker-14: Building] INFO  o.e.m.c.i.embedder.EclipseLogger - skip non existing resourceDirectory E:\PrashantAndhale\TestingPractice\TestNGP\ExtentRe\src\test\resources
2022-12-27 12:42:00,758 [Worker-15: Building] INFO  o.e.m.c.i.embedder.EclipseLogger - Using 'UTF-8' encoding to copy filtered resources.
2022-12-27 12:42:00,758 [Worker-15: Building] INFO  o.e.m.c.i.embedder.EclipseLogger - skip non existing resourceDirectory E:\PrashantAndhale\TestingPractice\TestNGP\ExtentRe\src\main\resources
2022-12-27 12:42:00,765 [Worker-15: Building] INFO  o.e.m.c.i.embedder.EclipseLogger - Using 'UTF-8' encoding to copy filtered resources.
2022-12-27 12:42:00,766 [Worker-15: Building] INFO  o.e.m.c.i.embedder.EclipseLogger - skip non existing resourceDirectory E:\PrashantAndhale\TestingPractice\TestNGP\ExtentRe\src\test\resources
2022-12-27 12:42:13,191 [Worker-10: Building] INFO  o.e.m.c.i.embedder.EclipseLogger - Using 'UTF-8' encoding to copy filtered resources.
2022-12-27 12:42:13,191 [Worker-10: Building] INFO  o.e.m.c.i.embedder.EclipseLogger - skip non existing resourceDirectory E:\PrashantAndhale\TestingPractice\TestNGP\ExtentRe\src\main\resources
2022-12-27 12:42:13,192 [Worker-10: Building] INFO  o.e.m.c.i.embedder.EclipseLogger - Using 'UTF-8' encoding to copy filtered resources.
2022-12-27 12:42:13,192 [Worker-10: Building] INFO  o.e.m.c.i.embedder.EclipseLogger - skip non existing resourceDirectory E:\PrashantAndhale\TestingPractice\TestNGP\ExtentRe\src\test\resources
2022-12-27 12:42:19,752 [Worker-5: Building] INFO  o.e.m.c.i.embedder.EclipseLogger - Using 'UTF-8' encoding to copy filtered resources.
2022-12-27 12:42:19,793 [Worker-5: Building] INFO  o.e.m.c.i.embedder.EclipseLogger - skip non existing resourceDirectory E:\PrashantAndhale\TestingPractice\TestNGP\ExtentRe\src\main\resources
2022-12-27 12:42:19,797 [Worker-5: Building] INFO  o.e.m.c.i.embedder.EclipseLogger - Using 'UTF-8' encoding to copy filtered resources.
2022-12-27 12:42:19,797 [Worker-5: Building] INFO  o.e.m.c.i.embedder.EclipseLogger - skip non existing resourceDirectory E:\PrashantAndhale\TestingPractice\TestNGP\ExtentRe\src\test\resources
2022-12-27 12:42:28,761 [Worker-13: Building] INFO  o.e.m.c.i.embedder.EclipseLogger - Using 'UTF-8' encoding to copy filtered resources.
2022-12-27 12:42:28,761 [Worker-13: Building] INFO  o.e.m.c.i.embedder.EclipseLogger - skip non existing resourceDirectory E:\PrashantAndhale\TestingPractice\TestNGP\ExtentRe\src\main\resources
2022-12-27 12:42:28,774 [Worker-13: Building] INFO  o.e.m.c.i.embedder.EclipseLogger - Using 'UTF-8' encoding to copy filtered resources.
2022-12-27 12:42:28,774 [Worker-13: Building] INFO  o.e.m.c.i.embedder.EclipseLogger - skip non existing resourceDirectory E:\PrashantAndhale\TestingPractice\TestNGP\ExtentRe\src\test\resources
2022-12-27 12:42:33,931 [Worker-3: Building] INFO  o.e.m.c.i.embedder.EclipseLogger - Using 'UTF-8' encoding to copy filtered resources.
2022-12-27 12:42:33,931 [Worker-3: Building] INFO  o.e.m.c.i.embedder.EclipseLogger - skip non existing resourceDirectory E:\PrashantAndhale\TestingPractice\TestNGP\ExtentRe\src\main\resources
2022-12-27 12:42:33,933 [Worker-3: Building] INFO  o.e.m.c.i.embedder.EclipseLogger - Using 'UTF-8' encoding to copy filtered resources.
2022-12-27 12:42:33,933 [Worker-3: Building] INFO  o.e.m.c.i.embedder.EclipseLogger - skip non existing resourceDirectory E:\PrashantAndhale\TestingPractice\TestNGP\ExtentRe\src\test\resources
2022-12-27 12:43:02,994 [Worker-5: Building] INFO  o.e.m.c.i.embedder.EclipseLogger - Using 'UTF-8' encoding to copy filtered resources.
2022-12-27 12:43:02,994 [Worker-5: Building] INFO  o.e.m.c.i.embedder.EclipseLogger - skip non existing resourceDirectory E:\PrashantAndhale\TestingPractice\TestNGP\ExtentRe\src\main\resources
2022-12-27 12:43:02,996 [Worker-5: Building] INFO  o.e.m.c.i.embedder.EclipseLogger - Using 'UTF-8' encoding to copy filtered resources.
2022-12-27 12:43:02,996 [Worker-5: Building] INFO  o.e.m.c.i.embedder.EclipseLogger - skip non existing resourceDirectory E:\PrashantAndhale\TestingPractice\TestNGP\ExtentRe\src\test\resources
2022-12-27 12:43:26,215 [Worker-3: Building] INFO  o.e.m.c.i.embedder.EclipseLogger - Using 'UTF-8' encoding to copy filtered resources.
2022-12-27 12:43:26,215 [Worker-3: Building] INFO  o.e.m.c.i.embedder.EclipseLogger - skip non existing resourceDirectory E:\PrashantAndhale\TestingPractice\TestNGP\ExtentRe\src\main\resources
2022-12-27 12:43:26,220 [Worker-3: Building] INFO  o.e.m.c.i.embedder.EclipseLogger - Using 'UTF-8' encoding to copy filtered resources.
2022-12-27 12:43:26,220 [Worker-3: Building] INFO  o.e.m.c.i.embedder.EclipseLogger - skip non existing resourceDirectory E:\PrashantAndhale\TestingPractice\TestNGP\ExtentRe\src\test\resources
2022-12-27 12:44:03,764 [Worker-12: Building] INFO  o.e.m.c.i.embedder.EclipseLogger - Using 'UTF-8' encoding to copy filtered resources.
2022-12-27 12:44:03,765 [Worker-12: Building] INFO  o.e.m.c.i.embedder.EclipseLogger - skip non existing resourceDirectory E:\PrashantAndhale\TestingPractice\TestNGP\ExtentRe\src\main\resources
2022-12-27 12:44:03,766 [Worker-12: Building] INFO  o.e.m.c.i.embedder.EclipseLogger - Using 'UTF-8' encoding to copy filtered resources.
2022-12-27 12:44:03,767 [Worker-12: Building] INFO  o.e.m.c.i.embedder.EclipseLogger - skip non existing resourceDirectory E:\PrashantAndhale\TestingPractice\TestNGP\ExtentRe\src\test\resources
2022-12-27 12:44:49,146 [Worker-12: Building] INFO  o.e.m.c.i.embedder.EclipseLogger - Using 'UTF-8' encoding to copy filtered resources.
2022-12-27 12:44:49,147 [Worker-12: Building] INFO  o.e.m.c.i.embedder.EclipseLogger - skip non existing resourceDirectory E:\PrashantAndhale\TestingPractice\TestNGP\ExtentRe\src\main\resources
2022-12-27 12:44:49,149 [Worker-12: Building] INFO  o.e.m.c.i.embedder.EclipseLogger - Using 'UTF-8' encoding to copy filtered resources.
2022-12-27 12:44:49,149 [Worker-12: Building] INFO  o.e.m.c.i.embedder.EclipseLogger - skip non existing resourceDirectory E:\PrashantAndhale\TestingPractice\TestNGP\ExtentRe\src\test\resources
2022-12-27 12:44:55,137 [Worker-14: Building] INFO  o.e.m.c.i.embedder.EclipseLogger - Using 'UTF-8' encoding to copy filtered resources.
2022-12-27 12:44:55,138 [Worker-14: Building] INFO  o.e.m.c.i.embedder.EclipseLogger - skip non existing resourceDirectory E:\PrashantAndhale\TestingPractice\TestNGP\ExtentRe\src\main\resources
2022-12-27 12:44:55,139 [Worker-14: Building] INFO  o.e.m.c.i.embedder.EclipseLogger - Using 'UTF-8' encoding to copy filtered resources.
2022-12-27 12:44:55,139 [Worker-14: Building] INFO  o.e.m.c.i.embedder.EclipseLogger - skip non existing resourceDirectory E:\PrashantAndhale\TestingPractice\TestNGP\ExtentRe\src\test\resources
2022-12-27 12:45:01,105 [Worker-13: Building] INFO  o.e.m.c.i.embedder.EclipseLogger - Using 'UTF-8' encoding to copy filtered resources.
2022-12-27 12:45:01,105 [Worker-13: Building] INFO  o.e.m.c.i.embedder.EclipseLogger - skip non existing resourceDirectory E:\PrashantAndhale\TestingPractice\TestNGP\ExtentRe\src\main\resources
2022-12-27 12:45:01,106 [Worker-13: Building] INFO  o.e.m.c.i.embedder.EclipseLogger - Using 'UTF-8' encoding to copy filtered resources.
2022-12-27 12:45:01,106 [Worker-13: Building] INFO  o.e.m.c.i.embedder.EclipseLogger - skip non existing resourceDirectory E:\PrashantAndhale\TestingPractice\TestNGP\ExtentRe\src\test\resources
2022-12-27 12:45:20,837 [Worker-13: Building] INFO  o.e.m.c.i.embedder.EclipseLogger - Using 'UTF-8' encoding to copy filtered resources.
2022-12-27 12:45:20,838 [Worker-13: Building] INFO  o.e.m.c.i.embedder.EclipseLogger - skip non existing resourceDirectory E:\PrashantAndhale\TestingPractice\TestNGP\ExtentRe\src\main\resources
2022-12-27 12:45:20,840 [Worker-13: Building] INFO  o.e.m.c.i.embedder.EclipseLogger - Using 'UTF-8' encoding to copy filtered resources.
2022-12-27 12:45:20,840 [Worker-13: Building] INFO  o.e.m.c.i.embedder.EclipseLogger - skip non existing resourceDirectory E:\PrashantAndhale\TestingPractice\TestNGP\ExtentRe\src\test\resources
2022-12-27 12:45:57,378 [Worker-10: Building] INFO  o.e.m.c.i.embedder.EclipseLogger - Using 'UTF-8' encoding to copy filtered resources.
2022-12-27 12:45:57,378 [Worker-10: Building] INFO  o.e.m.c.i.embedder.EclipseLogger - skip non existing resourceDirectory E:\PrashantAndhale\TestingPractice\TestNGP\ExtentRe\src\main\resources
2022-12-27 12:45:57,382 [Worker-10: Building] INFO  o.e.m.c.i.embedder.EclipseLogger - Using 'UTF-8' encoding to copy filtered resources.
2022-12-27 12:45:57,385 [Worker-10: Building] INFO  o.e.m.c.i.embedder.EclipseLogger - skip non existing resourceDirectory E:\PrashantAndhale\TestingPractice\TestNGP\ExtentRe\src\test\resources
2022-12-27 12:45:58,948 [Worker-10: Building] INFO  o.e.m.c.i.embedder.EclipseLogger - Using 'UTF-8' encoding to copy filtered resources.
2022-12-27 12:45:58,948 [Worker-10: Building] INFO  o.e.m.c.i.embedder.EclipseLogger - skip non existing resourceDirectory E:\PrashantAndhale\TestingPractice\TestNGP\ExtentRe\src\main\resources
2022-12-27 12:45:58,950 [Worker-10: Building] INFO  o.e.m.c.i.embedder.EclipseLogger - Using 'UTF-8' encoding to copy filtered resources.
2022-12-27 12:45:58,951 [Worker-10: Building] INFO  o.e.m.c.i.embedder.EclipseLogger - skip non existing resourceDirectory E:\PrashantAndhale\TestingPractice\TestNGP\ExtentRe\src\test\resources
2022-12-27 12:46:00,986 [Worker-5: Building] INFO  o.e.m.c.i.embedder.EclipseLogger - Using 'UTF-8' encoding to copy filtered resources.
2022-12-27 12:46:00,986 [Worker-5: Building] INFO  o.e.m.c.i.embedder.EclipseLogger - skip non existing resourceDirectory E:\PrashantAndhale\TestingPractice\TestNGP\ExtentRe\src\main\resources
2022-12-27 12:46:00,993 [Worker-5: Building] INFO  o.e.m.c.i.embedder.EclipseLogger - Using 'UTF-8' encoding to copy filtered resources.
2022-12-27 12:46:00,993 [Worker-5: Building] INFO  o.e.m.c.i.embedder.EclipseLogger - skip non existing resourceDirectory E:\PrashantAndhale\TestingPractice\TestNGP\ExtentRe\src\test\resources
2022-12-27 12:46:12,031 [Worker-15: Building] INFO  o.e.m.c.i.embedder.EclipseLogger - Using 'UTF-8' encoding to copy filtered resources.
2022-12-27 12:46:12,031 [Worker-15: Building] INFO  o.e.m.c.i.embedder.EclipseLogger - skip non existing resourceDirectory E:\PrashantAndhale\TestingPractice\TestNGP\ExtentRe\src\main\resources
2022-12-27 12:46:12,362 [Worker-15: Building] INFO  o.e.m.c.i.embedder.EclipseLogger - Using 'UTF-8' encoding to copy filtered resources.
2022-12-27 12:46:12,363 [Worker-15: Building] INFO  o.e.m.c.i.embedder.EclipseLogger - skip non existing resourceDirectory E:\PrashantAndhale\TestingPractice\TestNGP\ExtentRe\src\test\resources
2022-12-27 12:46:30,252 [Worker-13: Building] INFO  o.e.m.c.i.embedder.EclipseLogger - Using 'UTF-8' encoding to copy filtered resources.
2022-12-27 12:46:30,252 [Worker-13: Building] INFO  o.e.m.c.i.embedder.EclipseLogger - skip non existing resourceDirectory E:\PrashantAndhale\TestingPractice\TestNGP\ExtentRe\src\main\resources
2022-12-27 12:46:30,274 [Worker-13: Building] INFO  o.e.m.c.i.embedder.EclipseLogger - Using 'UTF-8' encoding to copy filtered resources.
2022-12-27 12:46:30,274 [Worker-13: Building] INFO  o.e.m.c.i.embedder.EclipseLogger - skip non existing resourceDirectory E:\PrashantAndhale\TestingPractice\TestNGP\ExtentRe\src\test\resources
2022-12-27 12:48:39,121 [Worker-5: Building] INFO  o.e.m.c.i.embedder.EclipseLogger - Using 'UTF-8' encoding to copy filtered resources.
2022-12-27 12:48:39,122 [Worker-5: Building] INFO  o.e.m.c.i.embedder.EclipseLogger - skip non existing resourceDirectory E:\PrashantAndhale\TestingPractice\TestNGP\ExtentRe\src\main\resources
2022-12-27 12:48:39,133 [Worker-5: Building] INFO  o.e.m.c.i.embedder.EclipseLogger - Using 'UTF-8' encoding to copy filtered resources.
2022-12-27 12:48:39,133 [Worker-5: Building] INFO  o.e.m.c.i.embedder.EclipseLogger - skip non existing resourceDirectory E:\PrashantAndhale\TestingPractice\TestNGP\ExtentRe\src\test\resources
2022-12-27 13:14:04,912 [Worker-3: Building] INFO  o.e.m.c.i.embedder.EclipseLogger - Using 'UTF-8' encoding to copy filtered resources.
2022-12-27 13:14:04,915 [Worker-3: Building] INFO  o.e.m.c.i.embedder.EclipseLogger - skip non existing resourceDirectory E:\PrashantAndhale\TestingPractice\TestNGP\ExtentRe\src\main\resources
2022-12-27 13:14:04,940 [Worker-3: Building] INFO  o.e.m.c.i.embedder.EclipseLogger - Using 'UTF-8' encoding to copy filtered resources.
2022-12-27 13:14:04,941 [Worker-3: Building] INFO  o.e.m.c.i.embedder.EclipseLogger - skip non existing resourceDirectory E:\PrashantAndhale\TestingPractice\TestNGP\ExtentRe\src\test\resources
2022-12-27 13:14:44,537 [Worker-17: Building] INFO  o.e.m.c.i.embedder.EclipseLogger - Using 'UTF-8' encoding to copy filtered resources.
2022-12-27 13:14:44,537 [Worker-17: Building] INFO  o.e.m.c.i.embedder.EclipseLogger - skip non existing resourceDirectory E:\PrashantAndhale\TestingPractice\TestNGP\ExtentRe\src\main\resources
2022-12-27 13:14:44,538 [Worker-17: Building] INFO  o.e.m.c.i.embedder.EclipseLogger - Using 'UTF-8' encoding to copy filtered resources.
2022-12-27 13:14:44,538 [Worker-17: Building] INFO  o.e.m.c.i.embedder.EclipseLogger - skip non existing resourceDirectory E:\PrashantAndhale\TestingPractice\TestNGP\ExtentRe\src\test\resources
2022-12-27 13:19:31,625 [Worker-19: Building] INFO  o.e.m.c.i.embedder.EclipseLogger - Using 'UTF-8' encoding to copy filtered resources.
2022-12-27 13:19:31,626 [Worker-19: Building] INFO  o.e.m.c.i.embedder.EclipseLogger - skip non existing resourceDirectory E:\PrashantAndhale\TestingPractice\TestNGP\ExtentRe\src\main\resources
2022-12-27 13:19:31,627 [Worker-19: Building] INFO  o.e.m.c.i.embedder.EclipseLogger - Using 'UTF-8' encoding to copy filtered resources.
2022-12-27 13:19:31,627 [Worker-19: Building] INFO  o.e.m.c.i.embedder.EclipseLogger - skip non existing resourceDirectory E:\PrashantAndhale\TestingPractice\TestNGP\ExtentRe\src\test\resources
2022-12-27 13:19:51,602 [Worker-12: Building] INFO  o.e.m.c.i.embedder.EclipseLogger - Using 'UTF-8' encoding to copy filtered resources.
2022-12-27 13:19:51,602 [Worker-12: Building] INFO  o.e.m.c.i.embedder.EclipseLogger - skip non existing resourceDirectory E:\PrashantAndhale\TestingPractice\TestNGP\ExtentRe\src\main\resources
2022-12-27 13:19:51,604 [Worker-12: Building] INFO  o.e.m.c.i.embedder.EclipseLogger - Using 'UTF-8' encoding to copy filtered resources.
2022-12-27 13:19:51,604 [Worker-12: Building] INFO  o.e.m.c.i.embedder.EclipseLogger - skip non existing resourceDirectory E:\PrashantAndhale\TestingPractice\TestNGP\ExtentRe\src\test\resources
2022-12-27 13:21:17,263 [Worker-3: Building] INFO  o.e.m.c.i.embedder.EclipseLogger - Using 'UTF-8' encoding to copy filtered resources.
2022-12-27 13:21:17,263 [Worker-3: Building] INFO  o.e.m.c.i.embedder.EclipseLogger - skip non existing resourceDirectory E:\PrashantAndhale\TestingPractice\TestNGP\ExtentRe\src\main\resources
2022-12-27 13:21:17,265 [Worker-3: Building] INFO  o.e.m.c.i.embedder.EclipseLogger - Using 'UTF-8' encoding to copy filtered resources.
2022-12-27 13:21:17,265 [Worker-3: Building] INFO  o.e.m.c.i.embedder.EclipseLogger - skip non existing resourceDirectory E:\PrashantAndhale\TestingPractice\TestNGP\ExtentRe\src\test\resources
2022-12-27 13:23:18,070 [Worker-3: Building] INFO  o.e.m.c.i.embedder.EclipseLogger - Using 'UTF-8' encoding to copy filtered resources.
2022-12-27 13:23:18,072 [Worker-3: Building] INFO  o.e.m.c.i.embedder.EclipseLogger - skip non existing resourceDirectory E:\PrashantAndhale\TestingPractice\TestNGP\ExtentRe\src\main\resources
2022-12-27 13:23:18,073 [Worker-3: Building] INFO  o.e.m.c.i.embedder.EclipseLogger - Using 'UTF-8' encoding to copy filtered resources.
2022-12-27 13:23:18,074 [Worker-3: Building] INFO  o.e.m.c.i.embedder.EclipseLogger - skip non existing resourceDirectory E:\PrashantAndhale\TestingPractice\TestNGP\ExtentRe\src\test\resources
2022-12-27 13:23:25,134 [Worker-20: Building] INFO  o.e.m.c.i.embedder.EclipseLogger - Using 'UTF-8' encoding to copy filtered resources.
2022-12-27 13:23:25,134 [Worker-20: Building] INFO  o.e.m.c.i.embedder.EclipseLogger - skip non existing resourceDirectory E:\PrashantAndhale\TestingPractice\TestNGP\ExtentRe\src\main\resources
2022-12-27 13:23:25,136 [Worker-20: Building] INFO  o.e.m.c.i.embedder.EclipseLogger - Using 'UTF-8' encoding to copy filtered resources.
2022-12-27 13:23:25,136 [Worker-20: Building] INFO  o.e.m.c.i.embedder.EclipseLogger - skip non existing resourceDirectory E:\PrashantAndhale\TestingPractice\TestNGP\ExtentRe\src\test\resources
2022-12-27 13:23:33,811 [Worker-19: Building] INFO  o.e.m.c.i.embedder.EclipseLogger - Using 'UTF-8' encoding to copy filtered resources.
2022-12-27 13:23:33,812 [Worker-19: Building] INFO  o.e.m.c.i.embedder.EclipseLogger - skip non existing resourceDirectory E:\PrashantAndhale\TestingPractice\TestNGP\ExtentRe\src\main\resources
2022-12-27 13:23:33,818 [Worker-19: Building] INFO  o.e.m.c.i.embedder.EclipseLogger - Using 'UTF-8' encoding to copy filtered resources.
2022-12-27 13:23:33,818 [Worker-19: Building] INFO  o.e.m.c.i.embedder.EclipseLogger - skip non existing resourceDirectory E:\PrashantAndhale\TestingPractice\TestNGP\ExtentRe\src\test\resources
2022-12-27 13:27:31,078 [Worker-21: Building] INFO  o.e.m.c.i.embedder.EclipseLogger - Using 'UTF-8' encoding to copy filtered resources.
2022-12-27 13:27:31,078 [Worker-21: Building] INFO  o.e.m.c.i.embedder.EclipseLogger - skip non existing resourceDirectory E:\PrashantAndhale\TestingPractice\TestNGP\ExtentRe\src\main\resources
2022-12-27 13:27:31,079 [Worker-21: Building] INFO  o.e.m.c.i.embedder.EclipseLogger - Using 'UTF-8' encoding to copy filtered resources.
2022-12-27 13:27:31,080 [Worker-21: Building] INFO  o.e.m.c.i.embedder.EclipseLogger - skip non existing resourceDirectory E:\PrashantAndhale\TestingPractice\TestNGP\ExtentRe\src\test\resources
2022-12-27 13:29:11,542 [Worker-22: Building] INFO  o.e.m.c.i.embedder.EclipseLogger - Using 'UTF-8' encoding to copy filtered resources.
2022-12-27 13:29:11,542 [Worker-22: Building] INFO  o.e.m.c.i.embedder.EclipseLogger - skip non existing resourceDirectory E:\PrashantAndhale\TestingPractice\TestNGP\ExtentRe\src\main\resources
2022-12-27 13:29:11,543 [Worker-22: Building] INFO  o.e.m.c.i.embedder.EclipseLogger - Using 'UTF-8' encoding to copy filtered resources.
2022-12-27 13:29:11,544 [Worker-22: Building] INFO  o.e.m.c.i.embedder.EclipseLogger - skip non existing resourceDirectory E:\PrashantAndhale\TestingPractice\TestNGP\ExtentRe\src\test\resources
2022-12-27 13:29:15,360 [Worker-21: Building] INFO  o.e.m.c.i.embedder.EclipseLogger - Using 'UTF-8' encoding to copy filtered resources.
2022-12-27 13:29:15,360 [Worker-21: Building] INFO  o.e.m.c.i.embedder.EclipseLogger - skip non existing resourceDirectory E:\PrashantAndhale\TestingPractice\TestNGP\ExtentRe\src\main\resources
2022-12-27 13:29:15,364 [Worker-21: Building] INFO  o.e.m.c.i.embedder.EclipseLogger - Using 'UTF-8' encoding to copy filtered resources.
2022-12-27 13:29:15,364 [Worker-21: Building] INFO  o.e.m.c.i.embedder.EclipseLogger - skip non existing resourceDirectory E:\PrashantAndhale\TestingPractice\TestNGP\ExtentRe\src\test\resources
2022-12-27 13:29:24,951 [Worker-21: Building] INFO  o.e.m.c.i.embedder.EclipseLogger - Using 'UTF-8' encoding to copy filtered resources.
2022-12-27 13:29:24,951 [Worker-21: Building] INFO  o.e.m.c.i.embedder.EclipseLogger - skip non existing resourceDirectory E:\PrashantAndhale\TestingPractice\TestNGP\ExtentRe\src\main\resources
2022-12-27 13:29:24,952 [Worker-21: Building] INFO  o.e.m.c.i.embedder.EclipseLogger - Using 'UTF-8' encoding to copy filtered resources.
2022-12-27 13:29:24,952 [Worker-21: Building] INFO  o.e.m.c.i.embedder.EclipseLogger - skip non existing resourceDirectory E:\PrashantAndhale\TestingPractice\TestNGP\ExtentRe\src\test\resources
2022-12-27 13:29:39,422 [Worker-21: Building] INFO  o.e.m.c.i.embedder.EclipseLogger - Using 'UTF-8' encoding to copy filtered resources.
2022-12-27 13:29:39,422 [Worker-21: Building] INFO  o.e.m.c.i.embedder.EclipseLogger - skip non existing resourceDirectory E:\PrashantAndhale\TestingPractice\TestNGP\ExtentRe\src\main\resources
2022-12-27 13:29:39,423 [Worker-21: Building] INFO  o.e.m.c.i.embedder.EclipseLogger - Using 'UTF-8' encoding to copy filtered resources.
2022-12-27 13:29:39,423 [Worker-21: Building] INFO  o.e.m.c.i.embedder.EclipseLogger - skip non existing resourceDirectory E:\PrashantAndhale\TestingPractice\TestNGP\ExtentRe\src\test\resources
2022-12-27 13:30:31,497 [Worker-12: Building] INFO  o.e.m.c.i.embedder.EclipseLogger - Using 'UTF-8' encoding to copy filtered resources.
2022-12-27 13:30:31,497 [Worker-12: Building] INFO  o.e.m.c.i.embedder.EclipseLogger - skip non existing resourceDirectory E:\PrashantAndhale\TestingPractice\TestNGP\ExtentRe\src\main\resources
2022-12-27 13:30:31,499 [Worker-12: Building] INFO  o.e.m.c.i.embedder.EclipseLogger - Using 'UTF-8' encoding to copy filtered resources.
2022-12-27 13:30:31,499 [Worker-12: Building] INFO  o.e.m.c.i.embedder.EclipseLogger - skip non existing resourceDirectory E:\PrashantAndhale\TestingPractice\TestNGP\ExtentRe\src\test\resources
2022-12-27 13:35:03,061 [Worker-20: Building] INFO  o.e.m.c.i.embedder.EclipseLogger - Using 'UTF-8' encoding to copy filtered resources.
2022-12-27 13:35:03,061 [Worker-20: Building] INFO  o.e.m.c.i.embedder.EclipseLogger - skip non existing resourceDirectory E:\PrashantAndhale\TestingPractice\TestNGP\ExtentRe\src\main\resources
2022-12-27 13:35:03,063 [Worker-20: Building] INFO  o.e.m.c.i.embedder.EclipseLogger - Using 'UTF-8' encoding to copy filtered resources.
2022-12-27 13:35:03,063 [Worker-20: Building] INFO  o.e.m.c.i.embedder.EclipseLogger - skip non existing resourceDirectory E:\PrashantAndhale\TestingPractice\TestNGP\ExtentRe\src\test\resources
2022-12-27 13:35:05,358 [Worker-22: Building] INFO  o.e.m.c.i.embedder.EclipseLogger - Using 'UTF-8' encoding to copy filtered resources.
2022-12-27 13:35:05,358 [Worker-22: Building] INFO  o.e.m.c.i.embedder.EclipseLogger - skip non existing resourceDirectory E:\PrashantAndhale\TestingPractice\TestNGP\ExtentRe\src\main\resources
2022-12-27 13:35:05,371 [Worker-22: Building] INFO  o.e.m.c.i.embedder.EclipseLogger - Using 'UTF-8' encoding to copy filtered resources.
2022-12-27 13:35:05,371 [Worker-22: Building] INFO  o.e.m.c.i.embedder.EclipseLogger - skip non existing resourceDirectory E:\PrashantAndhale\TestingPractice\TestNGP\ExtentRe\src\test\resources
2022-12-27 13:37:05,698 [Worker-12: Building] INFO  o.e.m.c.i.embedder.EclipseLogger - Using 'UTF-8' encoding to copy filtered resources.
2022-12-27 13:37:05,699 [Worker-12: Building] INFO  o.e.m.c.i.embedder.EclipseLogger - skip non existing resourceDirectory E:\PrashantAndhale\TestingPractice\TestNGP\ExtentRe\src\main\resources
2022-12-27 13:37:05,701 [Worker-12: Building] INFO  o.e.m.c.i.embedder.EclipseLogger - Using 'UTF-8' encoding to copy filtered resources.
2022-12-27 13:37:05,701 [Worker-12: Building] INFO  o.e.m.c.i.embedder.EclipseLogger - skip non existing resourceDirectory E:\PrashantAndhale\TestingPractice\TestNGP\ExtentRe\src\test\resources
2022-12-27 13:38:27,925 [Worker-12: Building] INFO  o.e.m.c.i.embedder.EclipseLogger - Using 'UTF-8' encoding to copy filtered resources.
2022-12-27 13:38:27,925 [Worker-12: Building] INFO  o.e.m.c.i.embedder.EclipseLogger - skip non existing resourceDirectory E:\PrashantAndhale\TestingPractice\TestNGP\ExtentRe\src\main\resources
2022-12-27 13:38:27,926 [Worker-12: Building] INFO  o.e.m.c.i.embedder.EclipseLogger - Using 'UTF-8' encoding to copy filtered resources.
2022-12-27 13:38:27,927 [Worker-12: Building] INFO  o.e.m.c.i.embedder.EclipseLogger - skip non existing resourceDirectory E:\PrashantAndhale\TestingPractice\TestNGP\ExtentRe\src\test\resources
2022-12-27 13:57:17,355 [Worker-26: Building] INFO  o.e.m.c.i.embedder.EclipseLogger - Using 'UTF-8' encoding to copy filtered resources.
2022-12-27 13:57:17,355 [Worker-26: Building] INFO  o.e.m.c.i.embedder.EclipseLogger - skip non existing resourceDirectory E:\PrashantAndhale\TestingPractice\TestNGP\ExtentRe\src\main\resources
2022-12-27 13:57:17,356 [Worker-26: Building] INFO  o.e.m.c.i.embedder.EclipseLogger - Using 'UTF-8' encoding to copy filtered resources.
2022-12-27 13:57:17,356 [Worker-26: Building] INFO  o.e.m.c.i.embedder.EclipseLogger - skip non existing resourceDirectory E:\PrashantAndhale\TestingPractice\TestNGP\ExtentRe\src\test\resources
2022-12-27 13:57:20,478 [Worker-26: Building] INFO  o.e.m.c.i.embedder.EclipseLogger - Using 'UTF-8' encoding to copy filtered resources.
2022-12-27 13:57:20,480 [Worker-26: Building] INFO  o.e.m.c.i.embedder.EclipseLogger - skip non existing resourceDirectory E:\PrashantAndhale\TestingPractice\TestNGP\ExtentRe\src\main\resources
2022-12-27 13:57:20,482 [Worker-26: Building] INFO  o.e.m.c.i.embedder.EclipseLogger - Using 'UTF-8' encoding to copy filtered resources.
2022-12-27 13:57:20,482 [Worker-26: Building] INFO  o.e.m.c.i.embedder.EclipseLogger - skip non existing resourceDirectory E:\PrashantAndhale\TestingPractice\TestNGP\ExtentRe\src\test\resources
2022-12-27 14:00:48,497 [Worker-27: Building] INFO  o.e.m.c.i.embedder.EclipseLogger - Using 'UTF-8' encoding to copy filtered resources.
2022-12-27 14:00:48,497 [Worker-27: Building] INFO  o.e.m.c.i.embedder.EclipseLogger - skip non existing resourceDirectory E:\PrashantAndhale\TestingPractice\TestNGP\ExtentRe\src\main\resources
2022-12-27 14:00:48,498 [Worker-27: Building] INFO  o.e.m.c.i.embedder.EclipseLogger - Using 'UTF-8' encoding to copy filtered resources.
2022-12-27 14:00:48,499 [Worker-27: Building] INFO  o.e.m.c.i.embedder.EclipseLogger - skip non existing resourceDirectory E:\PrashantAndhale\TestingPractice\TestNGP\ExtentRe\src\test\resources
2022-12-27 14:01:12,351 [Worker-26: Building] INFO  o.e.m.c.i.embedder.EclipseLogger - Using 'UTF-8' encoding to copy filtered resources.
2022-12-27 14:01:12,351 [Worker-26: Building] INFO  o.e.m.c.i.embedder.EclipseLogger - skip non existing resourceDirectory E:\PrashantAndhale\TestingPractice\TestNGP\ExtentRe\src\main\resources
2022-12-27 14:01:12,353 [Worker-26: Building] INFO  o.e.m.c.i.embedder.EclipseLogger - Using 'UTF-8' encoding to copy filtered resources.
2022-12-27 14:01:12,354 [Worker-26: Building] INFO  o.e.m.c.i.embedder.EclipseLogger - skip non existing resourceDirectory E:\PrashantAndhale\TestingPractice\TestNGP\ExtentRe\src\test\resources
2022-12-27 14:03:05,284 [Worker-26: Building] INFO  o.e.m.c.i.embedder.EclipseLogger - Using 'UTF-8' encoding to copy filtered resources.
2022-12-27 14:03:05,284 [Worker-26: Building] INFO  o.e.m.c.i.embedder.EclipseLogger - skip non existing resourceDirectory E:\PrashantAndhale\TestingPractice\TestNGP\ExtentRe\src\main\resources
2022-12-27 14:03:05,285 [Worker-26: Building] INFO  o.e.m.c.i.embedder.EclipseLogger - Using 'UTF-8' encoding to copy filtered resources.
2022-12-27 14:03:05,285 [Worker-26: Building] INFO  o.e.m.c.i.embedder.EclipseLogger - skip non existing resourceDirectory E:\PrashantAndhale\TestingPractice\TestNGP\ExtentRe\src\test\resources
2022-12-27 14:03:15,884 [Worker-27: Building] INFO  o.e.m.c.i.embedder.EclipseLogger - Using 'UTF-8' encoding to copy filtered resources.
2022-12-27 14:03:15,885 [Worker-27: Building] INFO  o.e.m.c.i.embedder.EclipseLogger - skip non existing resourceDirectory E:\PrashantAndhale\TestingPractice\TestNGP\ExtentRe\src\main\resources
2022-12-27 14:03:15,886 [Worker-27: Building] INFO  o.e.m.c.i.embedder.EclipseLogger - Using 'UTF-8' encoding to copy filtered resources.
2022-12-27 14:03:15,887 [Worker-27: Building] INFO  o.e.m.c.i.embedder.EclipseLogger - skip non existing resourceDirectory E:\PrashantAndhale\TestingPractice\TestNGP\ExtentRe\src\test\resources
2022-12-27 14:04:01,478 [Worker-26: Building] INFO  o.e.m.c.i.embedder.EclipseLogger - Using 'UTF-8' encoding to copy filtered resources.
2022-12-27 14:04:01,478 [Worker-26: Building] INFO  o.e.m.c.i.embedder.EclipseLogger - skip non existing resourceDirectory E:\PrashantAndhale\TestingPractice\TestNGP\ExtentRe\src\main\resources
2022-12-27 14:04:01,481 [Worker-26: Building] INFO  o.e.m.c.i.embedder.EclipseLogger - Using 'UTF-8' encoding to copy filtered resources.
2022-12-27 14:04:01,481 [Worker-26: Building] INFO  o.e.m.c.i.embedder.EclipseLogger - skip non existing resourceDirectory E:\PrashantAndhale\TestingPractice\TestNGP\ExtentRe\src\test\resources
2022-12-27 14:06:15,957 [Worker-27: Building] INFO  o.e.m.c.i.embedder.EclipseLogger - Using 'UTF-8' encoding to copy filtered resources.
2022-12-27 14:06:15,958 [Worker-27: Building] INFO  o.e.m.c.i.embedder.EclipseLogger - skip non existing resourceDirectory E:\PrashantAndhale\TestingPractice\TestNGP\ExtentRe\src\main\resources
2022-12-27 14:06:15,959 [Worker-27: Building] INFO  o.e.m.c.i.embedder.EclipseLogger - Using 'UTF-8' encoding to copy filtered resources.
2022-12-27 14:06:15,960 [Worker-27: Building] INFO  o.e.m.c.i.embedder.EclipseLogger - skip non existing resourceDirectory E:\PrashantAndhale\TestingPractice\TestNGP\ExtentRe\src\test\resources
2022-12-27 14:06:21,181 [Worker-26: Building] INFO  o.e.m.c.i.embedder.EclipseLogger - Using 'UTF-8' encoding to copy filtered resources.
2022-12-27 14:06:21,182 [Worker-26: Building] INFO  o.e.m.c.i.embedder.EclipseLogger - skip non existing resourceDirectory E:\PrashantAndhale\TestingPractice\TestNGP\ExtentRe\src\main\resources
2022-12-27 14:06:21,183 [Worker-26: Building] INFO  o.e.m.c.i.embedder.EclipseLogger - Using 'UTF-8' encoding to copy filtered resources.
2022-12-27 14:06:21,184 [Worker-26: Building] INFO  o.e.m.c.i.embedder.EclipseLogger - skip non existing resourceDirectory E:\PrashantAndhale\TestingPractice\TestNGP\ExtentRe\src\test\resources
2022-12-27 14:08:39,906 [Worker-28: Building] INFO  o.e.m.c.i.embedder.EclipseLogger - Using 'UTF-8' encoding to copy filtered resources.
2022-12-27 14:08:39,906 [Worker-28: Building] INFO  o.e.m.c.i.embedder.EclipseLogger - skip non existing resourceDirectory E:\PrashantAndhale\TestingPractice\TestNGP\ExtentRe\src\main\resources
2022-12-27 14:08:39,907 [Worker-28: Building] INFO  o.e.m.c.i.embedder.EclipseLogger - Using 'UTF-8' encoding to copy filtered resources.
2022-12-27 14:08:39,908 [Worker-28: Building] INFO  o.e.m.c.i.embedder.EclipseLogger - skip non existing resourceDirectory E:\PrashantAndhale\TestingPractice\TestNGP\ExtentRe\src\test\resources
2022-12-27 14:09:06,672 [Worker-24: Building] INFO  o.e.m.c.i.embedder.EclipseLogger - Using 'UTF-8' encoding to copy filtered resources.
2022-12-27 14:09:06,673 [Worker-24: Building] INFO  o.e.m.c.i.embedder.EclipseLogger - skip non existing resourceDirectory E:\PrashantAndhale\TestingPractice\TestNGP\ExtentRe\src\main\resources
2022-12-27 14:09:06,674 [Worker-24: Building] INFO  o.e.m.c.i.embedder.EclipseLogger - Using 'UTF-8' encoding to copy filtered resources.
2022-12-27 14:09:06,675 [Worker-24: Building] INFO  o.e.m.c.i.embedder.EclipseLogger - skip non existing resourceDirectory E:\PrashantAndhale\TestingPractice\TestNGP\ExtentRe\src\test\resources
2022-12-27 14:09:19,283 [Worker-28: Building] INFO  o.e.m.c.i.embedder.EclipseLogger - Using 'UTF-8' encoding to copy filtered resources.
2022-12-27 14:09:19,283 [Worker-28: Building] INFO  o.e.m.c.i.embedder.EclipseLogger - skip non existing resourceDirectory E:\PrashantAndhale\TestingPractice\TestNGP\ExtentRe\src\main\resources
2022-12-27 14:09:19,290 [Worker-28: Building] INFO  o.e.m.c.i.embedder.EclipseLogger - Using 'UTF-8' encoding to copy filtered resources.
2022-12-27 14:09:19,290 [Worker-28: Building] INFO  o.e.m.c.i.embedder.EclipseLogger - skip non existing resourceDirectory E:\PrashantAndhale\TestingPractice\TestNGP\ExtentRe\src\test\resources
2022-12-27 14:34:43,601 [Worker-34: Building] INFO  o.e.m.c.i.embedder.EclipseLogger - Using 'UTF-8' encoding to copy filtered resources.
2022-12-27 14:34:43,601 [Worker-34: Building] INFO  o.e.m.c.i.embedder.EclipseLogger - skip non existing resourceDirectory E:\PrashantAndhale\TestingPractice\TestNGP\ExtentRe\src\main\resources
2022-12-27 14:34:43,602 [Worker-34: Building] INFO  o.e.m.c.i.embedder.EclipseLogger - Using 'UTF-8' encoding to copy filtered resources.
2022-12-27 14:34:43,602 [Worker-34: Building] INFO  o.e.m.c.i.embedder.EclipseLogger - skip non existing resourceDirectory E:\PrashantAndhale\TestingPractice\TestNGP\ExtentRe\src\test\resources
2022-12-27 14:42:40,155 [Worker-36: Building] INFO  o.e.m.c.i.embedder.EclipseLogger - Using 'UTF-8' encoding to copy filtered resources.
2022-12-27 14:42:40,156 [Worker-36: Building] INFO  o.e.m.c.i.embedder.EclipseLogger - skip non existing resourceDirectory E:\PrashantAndhale\TestingPractice\TestNGP\ExtentRe\src\main\resources
2022-12-27 14:42:40,158 [Worker-36: Building] INFO  o.e.m.c.i.embedder.EclipseLogger - Using 'UTF-8' encoding to copy filtered resources.
2022-12-27 14:42:40,158 [Worker-36: Building] INFO  o.e.m.c.i.embedder.EclipseLogger - skip non existing resourceDirectory E:\PrashantAndhale\TestingPractice\TestNGP\ExtentRe\src\test\resources
2022-12-27 14:44:08,976 [Worker-36: Building] INFO  o.e.m.c.i.embedder.EclipseLogger - Using 'UTF-8' encoding to copy filtered resources.
2022-12-27 14:44:08,976 [Worker-36: Building] INFO  o.e.m.c.i.embedder.EclipseLogger - skip non existing resourceDirectory E:\PrashantAndhale\TestingPractice\TestNGP\ExtentRe\src\main\resources
2022-12-27 14:44:08,977 [Worker-36: Building] INFO  o.e.m.c.i.embedder.EclipseLogger - Using 'UTF-8' encoding to copy filtered resources.
2022-12-27 14:44:08,977 [Worker-36: Building] INFO  o.e.m.c.i.embedder.EclipseLogger - skip non existing resourceDirectory E:\PrashantAndhale\TestingPractice\TestNGP\ExtentRe\src\test\resources
2022-12-27 14:44:21,178 [Worker-34: Building] INFO  o.e.m.c.i.embedder.EclipseLogger - Using 'UTF-8' encoding to copy filtered resources.
2022-12-27 14:44:21,179 [Worker-34: Building] INFO  o.e.m.c.i.embedder.EclipseLogger - skip non existing resourceDirectory E:\PrashantAndhale\TestingPractice\TestNGP\ExtentRe\src\main\resources
2022-12-27 14:44:21,181 [Worker-34: Building] INFO  o.e.m.c.i.embedder.EclipseLogger - Using 'UTF-8' encoding to copy filtered resources.
2022-12-27 14:44:21,181 [Worker-34: Building] INFO  o.e.m.c.i.embedder.EclipseLogger - skip non existing resourceDirectory E:\PrashantAndhale\TestingPractice\TestNGP\ExtentRe\src\test\resources
2022-12-27 14:44:39,357 [Worker-36: Building] INFO  o.e.m.c.i.embedder.EclipseLogger - Using 'UTF-8' encoding to copy filtered resources.
2022-12-27 14:44:39,358 [Worker-36: Building] INFO  o.e.m.c.i.embedder.EclipseLogger - skip non existing resourceDirectory E:\PrashantAndhale\TestingPractice\TestNGP\ExtentRe\src\main\resources
2022-12-27 14:44:39,359 [Worker-36: Building] INFO  o.e.m.c.i.embedder.EclipseLogger - Using 'UTF-8' encoding to copy filtered resources.
2022-12-27 14:44:39,359 [Worker-36: Building] INFO  o.e.m.c.i.embedder.EclipseLogger - skip non existing resourceDirectory E:\PrashantAndhale\TestingPractice\TestNGP\ExtentRe\src\test\resources
2022-12-27 14:45:22,998 [Worker-39: Building] INFO  o.e.m.c.i.embedder.EclipseLogger - Using 'UTF-8' encoding to copy filtered resources.
2022-12-27 14:45:23,008 [Worker-39: Building] INFO  o.e.m.c.i.embedder.EclipseLogger - skip non existing resourceDirectory E:\PrashantAndhale\TestingPractice\TestNGP\ExtentRe\src\main\resources
2022-12-27 14:45:23,059 [Worker-39: Building] INFO  o.e.m.c.i.embedder.EclipseLogger - Using 'UTF-8' encoding to copy filtered resources.
2022-12-27 14:45:23,059 [Worker-39: Building] INFO  o.e.m.c.i.embedder.EclipseLogger - skip non existing resourceDirectory E:\PrashantAndhale\TestingPractice\TestNGP\ExtentRe\src\test\resources
2022-12-30 12:03:51,511 [Worker-0: Loading available Gradle versions] INFO  o.e.b.c.i.u.g.PublishedGradleVersions - Gradle version information cache is up-to-date. Trying to read.
2022-12-30 12:04:47,872 [Worker-6: Building] INFO  o.e.m.c.i.embedder.EclipseLogger - Using 'UTF-8' encoding to copy filtered resources.
2022-12-30 12:04:47,873 [Worker-6: Building] INFO  o.e.m.c.i.embedder.EclipseLogger - skip non existing resourceDirectory E:\PrashantAndhale\TestingPractice\TestNGP\ExtentRe\src\main\resources
2022-12-30 12:04:47,878 [Worker-6: Building] INFO  o.e.m.c.i.embedder.EclipseLogger - Using 'UTF-8' encoding to copy filtered resources.
2022-12-30 12:04:47,879 [Worker-6: Building] INFO  o.e.m.c.i.embedder.EclipseLogger - skip non existing resourceDirectory E:\PrashantAndhale\TestingPractice\TestNGP\ExtentRe\src\test\resources
2023-01-05 15:16:11,525 [Worker-1: Loading available Gradle versions] INFO  o.e.b.c.i.u.g.PublishedGradleVersions - Gradle version information cache is out-of-date. Trying to update.
2023-01-05 15:21:43,694 [Worker-13: Updating Maven Dependencies] INFO  o.e.m.c.i.l.LifecycleMappingFactory - Using org.eclipse.m2e.jdt.JarLifecycleMapping lifecycle mapping for MavenProject: com.inetBankingV1:com.inetBankingV1:0.0.1-SNAPSHOT @ C:\Users\NET\git\inetBanking_V1\pom.xml.
2023-01-05 15:21:43,681 [Worker-16: Building] INFO  o.e.m.c.i.l.LifecycleMappingFactory - Using org.eclipse.m2e.jdt.JarLifecycleMapping lifecycle mapping for MavenProject: com.inetBankingV1:com.inetBankingV1:0.0.1-SNAPSHOT @ C:\Users\NET\git\inetBanking_V1\pom.xml.
2023-01-05 15:21:59,947 [Worker-16: Building] INFO  o.e.m.c.i.embedder.EclipseLogger - Using 'UTF-8' encoding to copy filtered resources.
2023-01-05 15:21:59,948 [Worker-16: Building] INFO  o.e.m.c.i.embedder.EclipseLogger - skip non existing resourceDirectory C:\Users\NET\git\inetBanking_V1\src\main\resources
2023-01-05 15:21:59,956 [Worker-16: Building] INFO  o.e.m.c.i.embedder.EclipseLogger - Using 'UTF-8' encoding to copy filtered resources.
2023-01-05 15:21:59,956 [Worker-16: Building] INFO  o.e.m.c.i.embedder.EclipseLogger - skip non existing resourceDirectory C:\Users\NET\git\inetBanking_V1\src\test\resources
2023-01-05 15:22:03,990 [Worker-17: Updating Maven Dependencies] INFO  o.e.m.c.i.l.LifecycleMappingFactory - Using org.eclipse.m2e.jdt.JarLifecycleMapping lifecycle mapping for MavenProject: com.inetBankingV1:com.inetBankingV1:0.0.1-SNAPSHOT @ C:\Users\NET\git\inetBanking_V1\pom.xml.
2023-01-05 15:22:09,957 [Worker-9: Building] INFO  o.e.m.c.i.embedder.EclipseLogger - Using 'UTF-8' encoding to copy filtered resources.
2023-01-05 15:22:09,957 [Worker-9: Building] INFO  o.e.m.c.i.embedder.EclipseLogger - skip non existing resourceDirectory C:\Users\NET\git\inetBanking_V1\src\main\resources
2023-01-05 15:22:09,967 [Worker-9: Building] INFO  o.e.m.c.i.embedder.EclipseLogger - Using 'UTF-8' encoding to copy filtered resources.
2023-01-05 15:22:09,967 [Worker-9: Building] INFO  o.e.m.c.i.embedder.EclipseLogger - skip non existing resourceDirectory C:\Users\NET\git\inetBanking_V1\src\test\resources
2023-01-05 15:22:13,164 [Worker-8: Building] INFO  o.e.m.c.i.embedder.EclipseLogger - Using 'UTF-8' encoding to copy filtered resources.
2023-01-05 15:22:13,164 [Worker-8: Building] INFO  o.e.m.c.i.embedder.EclipseLogger - skip non existing resourceDirectory C:\Users\NET\git\inetBanking_V1\src\main\resources
2023-01-05 15:22:13,166 [Worker-8: Building] INFO  o.e.m.c.i.embedder.EclipseLogger - Using 'UTF-8' encoding to copy filtered resources.
2023-01-05 15:22:13,166 [Worker-8: Building] INFO  o.e.m.c.i.embedder.EclipseLogger - skip non existing resourceDirectory C:\Users\NET\git\inetBanking_V1\src\test\resources
2023-01-05 15:40:05,578 [Worker-21: Building] INFO  o.e.m.c.i.embedder.EclipseLogger - Using 'UTF-8' encoding to copy filtered resources.
2023-01-05 15:40:05,579 [Worker-21: Building] INFO  o.e.m.c.i.embedder.EclipseLogger - skip non existing resourceDirectory E:\PrashantAndhale\TestingPractice\TestNGP\ExtentRe\src\main\resources
2023-01-05 15:40:05,581 [Worker-21: Building] INFO  o.e.m.c.i.embedder.EclipseLogger - Using 'UTF-8' encoding to copy filtered resources.
2023-01-05 15:40:05,581 [Worker-21: Building] INFO  o.e.m.c.i.embedder.EclipseLogger - skip non existing resourceDirectory E:\PrashantAndhale\TestingPractice\TestNGP\ExtentRe\src\test\resources
2023-01-05 15:42:40,498 [Worker-18: Building] INFO  o.e.m.c.i.embedder.EclipseLogger - Using 'UTF-8' encoding to copy filtered resources.
2023-01-05 15:42:40,499 [Worker-18: Building] INFO  o.e.m.c.i.embedder.EclipseLogger - skip non existing resourceDirectory E:\PrashantAndhale\TestingPractice\TestNGP\ExtentRe\src\main\resources
2023-01-05 15:42:40,520 [Worker-18: Building] INFO  o.e.m.c.i.embedder.EclipseLogger - Using 'UTF-8' encoding to copy filtered resources.
2023-01-05 15:42:40,522 [Worker-18: Building] INFO  o.e.m.c.i.embedder.EclipseLogger - skip non existing resourceDirectory E:\PrashantAndhale\TestingPractice\TestNGP\ExtentRe\src\test\resources
